Compiling the C compiler identification source file "CMakeCCompilerId.c" failed.
Compiler: /Library/Developer/CommandLineTools/usr/bin/cc 
Build flags: 
Id flags:  

The output was:
1
ld: library not found for -lSystem
clang: error: linker command failed with exit code 1 (use -v to see invocation)


Compiling the CXX compiler identification source file "CMakeCXXCompilerId.cpp" failed.
Compiler: /Library/Developer/CommandLineTools/usr/bin/c++ 
Build flags: 
Id flags:  

The output was:
1
ld: library not found for -lc++
clang: error: linker command failed with exit code 1 (use -v to see invocation)


Determining if the Fortran sgemm exists failed with the following output:
Change Dir: /Users/yanghuanyu/Desktop/modify_svFSI_source_code/svFSI-master/svFSI/build/svFSI-build/CMakeFiles/CMakeTmp

Run Build Command(s):/opt/homebrew/bin/gmake -f Makefile cmTC_e52fa/fast && gmake[3]: Entering directory '/Users/yanghuanyu/Desktop/modify_svFSI_source_code/svFSI-master/svFSI/build/svFSI-build/CMakeFiles/CMakeTmp'
/opt/homebrew/bin/gmake  -f CMakeFiles/cmTC_e52fa.dir/build.make CMakeFiles/cmTC_e52fa.dir/build
gmake[4]: Entering directory '/Users/yanghuanyu/Desktop/modify_svFSI_source_code/svFSI-master/svFSI/build/svFSI-build/CMakeFiles/CMakeTmp'
Building Fortran object CMakeFiles/cmTC_e52fa.dir/testFortranCompiler.f.o
/opt/homebrew/bin/gfortran   -O3 -DNDEBUG -march=native -cpp -pthread -std=legacy  -isysroot /Library/Developer/CommandLineTools/SDKs/MacOSX12.3.sdk -c /Users/yanghuanyu/Desktop/modify_svFSI_source_code/svFSI-master/svFSI/build/svFSI-build/CMakeFiles/CMakeTmp/testFortranCompiler.f -o CMakeFiles/cmTC_e52fa.dir/testFortranCompiler.f.o
Linking Fortran executable cmTC_e52fa
/opt/homebrew/Cellar/cmake/3.24.2/bin/cmake -E cmake_link_script CMakeFiles/cmTC_e52fa.dir/link.txt --verbose=1
/opt/homebrew/bin/gfortran -O3 -DNDEBUG -march=native -cpp -pthread -std=legacy  -isysroot /Library/Developer/CommandLineTools/SDKs/MacOSX12.3.sdk CMakeFiles/cmTC_e52fa.dir/testFortranCompiler.f.o -o cmTC_e52fa 
Undefined symbols for architecture arm64:
  "_sgemm_", referenced from:
      _main in testFortranCompiler.f.o
ld: symbol(s) not found for architecture arm64
collect2: error: ld returned 1 exit status
gmake[4]: *** [CMakeFiles/cmTC_e52fa.dir/build.make:99: cmTC_e52fa] Error 1
gmake[4]: Leaving directory '/Users/yanghuanyu/Desktop/modify_svFSI_source_code/svFSI-master/svFSI/build/svFSI-build/CMakeFiles/CMakeTmp'
gmake[3]: *** [Makefile:127: cmTC_e52fa/fast] Error 2
gmake[3]: Leaving directory '/Users/yanghuanyu/Desktop/modify_svFSI_source_code/svFSI-master/svFSI/build/svFSI-build/CMakeFiles/CMakeTmp'



